<?xml version="1.0" encoding="UTF-8"?>
<testsuite name="UsaPriceTagTest" tests="1" skipped="0" failures="0" errors="0" timestamp="2018-07-10T12:20:50" hostname="WGC1W7GWW6VF2" time="0.0">
  <properties/>
  <testcase name="getUsaPriceTagTest" classname="UsaPriceTagTest" time="0.0"/>
  <system-out><![CDATA[]]></system-out>
  <system-err><![CDATA[]]></system-err>
</testsuite>
